<?xml version="1.0" encoding="UTF-8"?>
<!-- Generated by org.testng.reporters.JUnitReportReporter -->
<testsuite hostname="LTCH-9RQ24253GP" failures="0" tests="1" name="testCases.TC_001_CreateAR" time="56.588" errors="0" timestamp="2025-03-21T12:31:14 IST" skipped="0">
  <testcase classname="testCases.TC_001_CreateAR" name="verifyCreateAR" time="56.588"/>
</testsuite> <!-- testCases.TC_001_CreateAR -->
